[ERROR] 2020-04-24 08:37:22.619 [main]  - Файл найден. Попытка загрузки из файла
[INFO ] 2020-04-24 08:37:22.881 [main]  - Файл загружен успешно
[INFO ] 2020-04-24 08:37:22.904 [main]  - Сервер запущен
[INFO ] 2020-04-24 08:37:22.904 [main]  - Ожидаем соединения
[ERROR] 2020-04-24 09:26:45.141 [main]  - Файл найден. Попытка загрузки из файла
[INFO ] 2020-04-24 09:26:45.374 [main]  - Файл загружен успешно
[INFO ] 2020-04-24 09:26:45.403 [main]  - Сервер запущен
[INFO ] 2020-04-24 09:26:45.403 [main]  - Ожидаем соединения
[INFO ] 2020-04-24 09:26:59.299 [main]  - Соединение принято, считываем команду
[INFO ] 2020-04-24 09:26:59.424 [main]  - Ожидаем соединения
[INFO ] 2020-04-24 09:27:03.830 [main]  - Соединение принято, считываем команду
[INFO ] 2020-04-24 09:27:03.939 [main]  - Ожидаем соединения
[ERROR] 2020-04-24 11:16:28.643 [main]  - Порт или имя файла не было введено
[ERROR] 2020-04-24 12:26:30.415 [main]  - Файл найден. Попытка загрузки из файла
[INFO ] 2020-04-24 12:26:30.822 [main]  - Файл загружен успешно
[INFO ] 2020-04-24 12:26:30.935 [main]  - Сервер запущен
[INFO ] 2020-04-24 12:26:30.935 [main]  - Ожидаем соединения
[INFO ] 2020-04-24 12:28:30.773 [main]  - Порт 1553
[ERROR] 2020-04-24 12:28:30.789 [main]  - Файл найден. Попытка загрузки из файла
[INFO ] 2020-04-24 12:28:30.903 [main]  - Файл загружен успешно
[INFO ] 2020-04-24 12:28:30.974 [main]  - Сервер запущен
[INFO ] 2020-04-24 12:28:30.975 [main]  - Ожидаем соединения
[INFO ] 2020-04-24 12:28:58.804 [main]  - Порт 1553
[ERROR] 2020-04-24 12:28:58.818 [main]  - Файл найден. Попытка загрузки из файла
[INFO ] 2020-04-24 12:28:58.938 [main]  - Файл загружен успешно
[INFO ] 2020-04-24 12:28:58.984 [main]  - Сервер запущен
[INFO ] 2020-04-24 12:28:58.984 [main]  - Ожидаем соединения
[INFO ] 2020-04-24 12:29:06.837 [main]  - Соединение принято, считываем команду
[INFO ] 2020-04-24 12:29:06.957 [main]  - Ожидаем соединения
[INFO ] 2020-04-24 13:00:30.440 [main]  - Порт 1553
[ERROR] 2020-04-24 13:00:30.515 [main]  - Файл найден. Попытка загрузки из файла
[INFO ] 2020-04-24 13:00:30.901 [main]  - Файл загружен успешно
[INFO ] 2020-04-24 13:00:30.934 [main]  - Сервер запущен
[INFO ] 2020-04-24 13:00:30.934 [main]  - Ожидаем соединения
[INFO ] 2020-04-24 13:00:47.451 [main]  - Соединение принято, считываем команду
[INFO ] 2020-04-24 13:00:47.576 [main]  - Ожидаем соединения
[INFO ] 2020-04-24 13:02:16.718 [main]  - Соединение принято, считываем команду
[INFO ] 2020-04-24 13:02:16.825 [main]  - Ожидаем соединения
[INFO ] 2020-04-24 13:03:11.688 [main]  - Соединение принято, считываем команду
[INFO ] 2020-04-24 13:03:11.800 [main]  - Ожидаем соединения
[INFO ] 2020-04-24 13:03:17.394 [main]  - Соединение принято, считываем команду
[INFO ] 2020-04-24 13:03:17.498 [main]  - Ожидаем соединения
[INFO ] 2020-04-24 13:03:29.278 [main]  - Соединение принято, считываем команду
[INFO ] 2020-04-24 13:03:29.398 [main]  - Ожидаем соединения
[INFO ] 2020-05-13 18:00:32.418 [main]  - Порт 1553
[ERROR] 2020-05-13 18:00:32.445 [main]  - Файл найден. Попытка загрузки из файла
[INFO ] 2020-05-13 18:04:33.617 [main]  - Порт 1553
[ERROR] 2020-05-13 18:04:33.640 [main]  - Файл найден. Попытка загрузки из файла
[INFO ] 2020-05-13 18:04:33.980 [main]  - Файл загружен успешно
[INFO ] 2020-05-13 18:04:34.008 [main]  - Сервер запущен
[INFO ] 2020-05-13 18:04:34.008 [main]  - Ожидаем соединения
[INFO ] 2020-05-13 18:05:51.082 [main]  - Соединение принято, считываем команду
[INFO ] 2020-05-13 18:05:51.211 [main]  - Ожидаем соединения
